#
# There is insufficient memory for the Java Runtime Environment to continue.
# Native memory allocation (mmap) failed to map 532676608 bytes. Error detail: G1 virtual space
# Possible reasons:
#   The system is out of physical RAM or swap space
#   This process is running with CompressedOops enabled, and the Java Heap may be blocking the growth of the native heap
# Possible solutions:
#   Reduce memory load on the system
#   Increase physical memory or swap space
#   Check if swap backing store is full
#   Decrease Java heap size (-Xmx/-Xms)
#   Decrease number of Java threads
#   Decrease Java thread stack sizes (-Xss)
#   Set larger code cache with -XX:ReservedCodeCacheSize=
#   JVM is running with Zero Based Compressed Oops mode in which the Java heap is
#     placed in the first 32GB address space. The Java Heap base address is the
#     maximum limit for the native heap growth. Please use -XX:HeapBaseMinAddress
#     to set the Java Heap base and to place the Java Heap above 32GB virtual address.
# This output file may be truncated or incomplete.
#
#  Out of Memory Error (os_windows.cpp:3898), pid=65068, tid=64628
#
# JRE version:  (21.0.7+9) (build )
# Java VM: OpenJDK 64-Bit Server VM (21.0.7+9-b895.130, mixed mode, sharing, tiered, compressed oops, compressed class ptrs, g1 gc, windows-amd64)
# No core dump will be written. Minidumps are not enabled by default on client versions of Windows
#

---------------  S U M M A R Y ------------

Command Line: git4idea.http.GitAskPassApp Username for 'https://github.com': 

Host: Intel(R) Core(TM) i9-14900HX, 32 cores, 31G,  Windows 11 , 64 bit Build 26100 (10.0.26100.7705)
Time: Thu Feb 19 21:56:48 2026 Argentina Standard Time elapsed time: 0.008748 seconds (0d 0h 0m 0s)

---------------  T H R E A D  ---------------

Current thread (0x000001f18bdaf8e0):  JavaThread "Unknown thread" [_thread_in_vm, id=64628, stack(0x00000070d9e00000,0x00000070d9f00000) (1024K)]

Stack: [0x00000070d9e00000,0x00000070d9f00000]
Native frames: (J=compiled Java code, j=interpreted, Vv=VM code, C=native code)
V  [jvm.dll+0x6e6049]
V  [jvm.dll+0x8c4343]
V  [jvm.dll+0x8c689e]
V  [jvm.dll+0x8c6f83]
V  [jvm.dll+0x289266]
V  [jvm.dll+0x6e28c5]
V  [jvm.dll+0x6d634a]
V  [jvm.dll+0x36388b]
V  [jvm.dll+0x36b456]
V  [jvm.dll+0x3bd7e6]
V  [jvm.dll+0x3bdab8]
V  [jvm.dll+0x335fdc]
V  [jvm.dll+0x336ccb]
V  [jvm.dll+0x88b7a9]
V  [jvm.dll+0x3ca9b8]
V  [jvm.dll+0x8747f8]
V  [jvm.dll+0x45f3ce]
V  [jvm.dll+0x4610b1]
C  [jli.dll+0x52ab]
C  [ucrtbase.dll+0x37b0]
C  [KERNEL32.DLL+0x2e8d7]
C  [ntdll.dll+0x8c40c]


---------------  P R O C E S S  ---------------

Threads class SMR info:
_java_thread_list=0x00007ffc80b2b148, length=0, elements={
}

Java Threads: ( => current thread )
Total: 0

Other Threads:
  0x000001f18be534e0 WorkerThread "GC Thread#0"                     [id=64952, stack(0x00000070d9f00000,0x00000070da000000) (1024K)]
  0x000001f18be64290 ConcurrentGCThread "G1 Main Marker"            [id=64840, stack(0x00000070da000000,0x00000070da100000) (1024K)]
  0x000001f18be66c20 WorkerThread "G1 Conc#0"                       [id=64932, stack(0x00000070da100000,0x00000070da200000) (1024K)]

[error occurred during error reporting (printing all threads), id 0xc0000005, EXCEPTION_ACCESS_VIOLATION (0xc0000005) at pc=0x00007ffc802190b7]
VM state: not at safepoint (not fully initialized)

VM Mutex/Monitor currently owned by a thread:  ([mutex/lock_event])
[0x00007ffc80b9fab8] Heap_lock - owner thread: 0x000001f18bdaf8e0

Heap address: 0x0000000605c00000, size: 8100 MB, Compressed Oops mode: Zero based, Oop shift amount: 3

CDS archive(s) mapped at: [0x0000000000000000-0x0000000000000000-0x0000000000000000), size 0, SharedBaseAddress: 0x0000000800000000, ArchiveRelocationMode: 1.
Narrow klass base: 0x0000000000000000, Narrow klass shift: 0, Narrow klass range: 0x0

GC Precious Log:
 CardTable entry size: 512
 Card Set container configuration: InlinePtr #cards 4 size 8 Array Of Cards #cards 32 size 80 Howl #buckets 8 coarsen threshold 7372 Howl Bitmap #cards 1024 size 144 coarsen threshold 921 Card regions per heap region 1 cards per card region 8192

Heap:
 garbage-first heap   total 0K, used 0K [0x0000000605c00000, 0x0000000800000000)
  region size 4096K, 0 young (0K), 0 survivors (0K)
 Metaspace       used 0K, committed 0K, reserved 0K
  class space    used 0K, committed 0K, reserved 0K

Heap Regions: E=young(eden), S=young(survivor), O=old, HS=humongous(starts), HC=humongous(continues), CS=collection set, F=free, TAMS=top-at-mark-start, PB=parsable bottom

Card table byte_map: [0x000001f1a1110000,0x000001f1a20f0000] _byte_map_base: 0x000001f19e0e2000

Marking Bits: (CMBitMap*) 0x000001f18be53be0
 Bits: [0x000001f1a20f0000, 0x000001f1a9f80000)

GC Heap History (0 events):
No events

Dll operation events (1 events):
Event: 0.005 Loaded shared library C:\Program Files\JetBrains\PyCharm 2025.1.3.1\jbr\bin\java.dll

Deoptimization events (0 events):
No events

Classes loaded (0 events):
No events

Classes unloaded (0 events):
No events

Classes redefined (0 events):
No events

Internal exceptions (0 events):
No events

ZGC Phase Switch (0 events):
No events

VM Operations (0 events):
No events

Memory protections (0 events):
No events

Nmethod flushes (0 events):
No events

Events (0 events):
No events


Dynamic libraries:
0x00007ff64bf80000 - 0x00007ff64bf8a000 	C:\Program Files\JetBrains\PyCharm 2025.1.3.1\jbr\bin\java.exe
0x00007ffd0c3a0000 - 0x00007ffd0c608000 	C:\WINDOWS\SYSTEM32\ntdll.dll
0x00007ffd0a880000 - 0x00007ffd0a949000 	C:\WINDOWS\System32\KERNEL32.DLL
0x00007ffd090f0000 - 0x00007ffd094e1000 	C:\WINDOWS\System32\KERNELBASE.dll
0x00007ffd08ef0000 - 0x00007ffd0903b000 	C:\WINDOWS\System32\ucrtbase.dll
0x00007ffd02f70000 - 0x00007ffd02f8b000 	C:\Program Files\JetBrains\PyCharm 2025.1.3.1\jbr\bin\VCRUNTIME140.dll
0x00007ffcc4060000 - 0x00007ffcc4078000 	C:\Program Files\JetBrains\PyCharm 2025.1.3.1\jbr\bin\jli.dll
0x00007ffd0a2e0000 - 0x00007ffd0a4a6000 	C:\WINDOWS\System32\USER32.dll
0x00007ffceaea0000 - 0x00007ffceb133000 	C:\WINDOWS\WinSxS\amd64_microsoft.windows.common-controls_6595b64144ccf1df_6.0.26100.7824_none_3e0870b2e3345462\COMCTL32.dll
0x00007ffd09580000 - 0x00007ffd095a7000 	C:\WINDOWS\System32\win32u.dll
0x00007ffd0a1d0000 - 0x00007ffd0a279000 	C:\WINDOWS\System32\msvcrt.dll
0x00007ffd0a660000 - 0x00007ffd0a68b000 	C:\WINDOWS\System32\GDI32.dll
0x00007ffd08c50000 - 0x00007ffd08d7b000 	C:\WINDOWS\System32\gdi32full.dll
0x00007ffd09040000 - 0x00007ffd090e3000 	C:\WINDOWS\System32\msvcp_win.dll
0x00007ffd0a540000 - 0x00007ffd0a571000 	C:\WINDOWS\System32\IMM32.DLL
0x00007ffd02f60000 - 0x00007ffd02f6c000 	C:\Program Files\JetBrains\PyCharm 2025.1.3.1\jbr\bin\vcruntime140_1.dll
0x00007ffc8d4e0000 - 0x00007ffc8d56d000 	C:\Program Files\JetBrains\PyCharm 2025.1.3.1\jbr\bin\msvcp140.dll
0x00007ffc7fed0000 - 0x00007ffc80c91000 	C:\Program Files\JetBrains\PyCharm 2025.1.3.1\jbr\bin\server\jvm.dll
0x00007ffd0c1b0000 - 0x00007ffd0c264000 	C:\WINDOWS\System32\ADVAPI32.dll
0x00007ffd0a110000 - 0x00007ffd0a1b6000 	C:\WINDOWS\System32\sechost.dll
0x00007ffd0a9a0000 - 0x00007ffd0aab8000 	C:\WINDOWS\System32\RPCRT4.dll
0x00007ffd0a4b0000 - 0x00007ffd0a524000 	C:\WINDOWS\System32\WS2_32.dll
0x00007ffd07830000 - 0x00007ffd0788e000 	C:\WINDOWS\SYSTEM32\POWRPROF.dll
0x00007ffcfd3b0000 - 0x00007ffcfd3e5000 	C:\WINDOWS\SYSTEM32\WINMM.dll
0x00007ffcfef60000 - 0x00007ffcfef6b000 	C:\WINDOWS\SYSTEM32\VERSION.dll
0x00007ffd07810000 - 0x00007ffd07824000 	C:\WINDOWS\SYSTEM32\UMPDC.dll
0x00007ffd07af0000 - 0x00007ffd07b0b000 	C:\WINDOWS\SYSTEM32\kernel.appcore.dll
0x00007ffd02f10000 - 0x00007ffd02f1a000 	C:\Program Files\JetBrains\PyCharm 2025.1.3.1\jbr\bin\jimage.dll
0x00007ffd065f0000 - 0x00007ffd06832000 	C:\WINDOWS\SYSTEM32\DBGHELP.DLL
0x00007ffd0b9c0000 - 0x00007ffd0bd46000 	C:\WINDOWS\System32\combase.dll
0x00007ffd0a580000 - 0x00007ffd0a657000 	C:\WINDOWS\System32\OLEAUT32.dll
0x00007ffccfb80000 - 0x00007ffccfbbb000 	C:\WINDOWS\SYSTEM32\dbgcore.DLL
0x00007ffd0a060000 - 0x00007ffd0a105000 	C:\WINDOWS\System32\bcryptPrimitives.dll
0x00007ffd01ff0000 - 0x00007ffd02010000 	C:\Program Files\JetBrains\PyCharm 2025.1.3.1\jbr\bin\java.dll

dbghelp: loaded successfully - version: 4.0.5 - missing functions: none
symbol engine: initialized successfully - sym options: 0x614 - pdb path: .;C:\Program Files\JetBrains\PyCharm 2025.1.3.1\jbr\bin;C:\WINDOWS\SYSTEM32;C:\WINDOWS\WinSxS\amd64_microsoft.windows.common-controls_6595b64144ccf1df_6.0.26100.7824_none_3e0870b2e3345462;C:\Program Files\JetBrains\PyCharm 2025.1.3.1\jbr\bin\server

VM Arguments:
java_command: git4idea.http.GitAskPassApp Username for 'https://github.com': 
java_class_path (initial): C:/Program Files/JetBrains/PyCharm 2025.1.3.1/plugins/vcs-git/lib/git4idea-rt.jar;C:/Program Files/JetBrains/PyCharm 2025.1.3.1/lib/externalProcess-rt.jar
Launcher Type: SUN_STANDARD

[Global flags]
     intx CICompilerCount                          = 15                                        {product} {ergonomic}
     uint ConcGCThreads                            = 6                                         {product} {ergonomic}
     uint G1ConcRefinementThreads                  = 23                                        {product} {ergonomic}
   size_t G1HeapRegionSize                         = 4194304                                   {product} {ergonomic}
    uintx GCDrainStackTargetSize                   = 64                                        {product} {ergonomic}
   size_t InitialHeapSize                          = 532676608                                 {product} {ergonomic}
   size_t MarkStackSize                            = 4194304                                   {product} {ergonomic}
   size_t MaxHeapSize                              = 8493465600                                {product} {ergonomic}
   size_t MinHeapDeltaBytes                        = 4194304                                   {product} {ergonomic}
   size_t MinHeapSize                              = 8388608                                   {product} {ergonomic}
    uintx NonNMethodCodeHeapSize                   = 8192380                                {pd product} {ergonomic}
    uintx NonProfiledCodeHeapSize                  = 121732930                              {pd product} {ergonomic}
    uintx ProfiledCodeHeapSize                     = 121732930                              {pd product} {ergonomic}
    uintx ReservedCodeCacheSize                    = 251658240                              {pd product} {ergonomic}
     bool SegmentedCodeCache                       = true                                      {product} {ergonomic}
   size_t SoftMaxHeapSize                          = 8493465600                             {manageable} {ergonomic}
     bool UseCompressedOops                        = true                           {product lp64_product} {ergonomic}
     bool UseG1GC                                  = true                                      {product} {ergonomic}
     bool UseLargePagesIndividualAllocation        = false                                  {pd product} {ergonomic}

Logging:
Log output configuration:
 #0: stdout all=warning uptime,level,tags foldmultilines=false
 #1: stderr all=off uptime,level,tags foldmultilines=false

Environment Variables:
PATH=C:/Program Files/Git/mingw64/libexec/git-core;C:/Program Files/Git/mingw64/libexec/git-core;C:\Program Files\Git\mingw64\bin;C:\Program Files\Git\usr\bin;C:\Users\franc\bin;C:\Users\franc\anaconda3\envs\aether_core_local;C:\Users\franc\anaconda3\envs\aether_core_local\Library\mingw-w64\bin;C:\Users\franc\anaconda3\envs\aether_core_local\Library\usr\bin;C:\Users\franc\anaconda3\envs\aether_core_local\Library\bin;C:\Users\franc\anaconda3\envs\aether_core_local\Scripts;C:\Users\franc\anaconda3\envs\aether_core_local\bin;C:\Users\franc\anaconda3\condabin;C:\Python313\Scripts;C:\Python313;C:\WINDOWS\system32;C:\WINDOWS;C:\WINDOWS\System32\Wbem;C:\WINDOWS\System32\WindowsPowerShell\v1.0;C:\WINDOWS\System32\OpenSSH;C:\Program Files (x86)\NVIDIA Corporation\PhysX\Common;C:\Program Files\NVIDIA Corporation\NVIDIA app\NvDLISR;C:\Program Files\dotnet;C:\Program Files\nodejs;C:\ProgramData\chocolatey\bin;C:\Program Files\Git\cmd;C:\Program Files\Docker\Docker\resources\bin;C:\Users\franc\AppData\Local\Microsoft\WindowsApps;.;C:\Program Files\JetBrains\PyCharm 2025.1.3.1\bin;.;C:\Users\franc\AppData\Roaming\npm
USERNAME=franc
DISPLAY=:0.0
LC_ALL=en_US.UTF-8
TERM=xterm-256color
TMPDIR=C:\Users\franc\AppData\Local\Temp
OS=Windows_NT
PROCESSOR_IDENTIFIER=Intel64 Family 6 Model 183 Stepping 1, GenuineIntel
TMP=C:\Users\franc\AppData\Local\Temp
TEMP=C:\Users\franc\AppData\Local\Temp




Periodic native trim disabled

JNI global refs:
JNI global refs: 0, weak refs: 0

JNI global refs memory usage: 0, weak refs: 0

Process memory usage:
Resident Set Size: 13540K (0% of 33163712K total physical memory with 2190480K free physical memory)

OOME stack traces (most recent first):
Classloader memory used:

---------------  S Y S T E M  ---------------

OS:
 Windows 11 , 64 bit Build 26100 (10.0.26100.7705)
OS uptime: 3 days 20:24 hours
Hyper-V role detected

CPU: total 32 (initial active 32) (16 cores per cpu, 2 threads per core) family 6 model 183 stepping 1 microcode 0x12b, cx8, cmov, fxsr, ht, mmx, 3dnowpref, sse, sse2, sse3, ssse3, sse4.1, sse4.2, popcnt, lzcnt, tsc, tscinvbit, avx, avx2, aes, erms, clmul, bmi1, bmi2, adx, sha, fma, vzeroupper, clflush, clflushopt, clwb, hv, serialize, rdtscp, rdpid, fsrm, f16c, cet_ibt, cet_ss
Processor Information for processor 0
  Max Mhz: 2200, Current Mhz: 2200, Mhz Limit: 2200
Processor Information for processor 1
  Max Mhz: 2200, Current Mhz: 2200, Mhz Limit: 2200
Processor Information for processor 2
  Max Mhz: 2200, Current Mhz: 2200, Mhz Limit: 2200
Processor Information for processor 3
  Max Mhz: 2200, Current Mhz: 2200, Mhz Limit: 2200
Processor Information for processor 4
  Max Mhz: 2200, Current Mhz: 2200, Mhz Limit: 2200
Processor Information for processor 5
  Max Mhz: 2200, Current Mhz: 2200, Mhz Limit: 2200
Processor Information for processor 6
  Max Mhz: 2200, Current Mhz: 2200, Mhz Limit: 2200
Processor Information for processor 7
  Max Mhz: 2200, Current Mhz: 2200, Mhz Limit: 2200
Processor Information for processor 8
  Max Mhz: 2200, Current Mhz: 2200, Mhz Limit: 2200
Processor Information for processor 9
  Max Mhz: 2200, Current Mhz: 2200, Mhz Limit: 2200
Processor Information for processor 10
  Max Mhz: 2200, Current Mhz: 2200, Mhz Limit: 2200
Processor Information for processor 11
  Max Mhz: 2200, Current Mhz: 2200, Mhz Limit: 2200
Processor Information for processor 12
  Max Mhz: 2200, Current Mhz: 2200, Mhz Limit: 2200
Processor Information for processor 13
  Max Mhz: 2200, Current Mhz: 2200, Mhz Limit: 2200
Processor Information for processor 14
  Max Mhz: 2200, Current Mhz: 2200, Mhz Limit: 2200
Processor Information for processor 15
  Max Mhz: 2200, Current Mhz: 2200, Mhz Limit: 2200
Processor Information for processor 16
  Max Mhz: 2200, Current Mhz: 1600, Mhz Limit: 1584
Processor Information for processor 17
  Max Mhz: 2200, Current Mhz: 1600, Mhz Limit: 1584
Processor Information for processor 18
  Max Mhz: 2200, Current Mhz: 1600, Mhz Limit: 1584
Processor Information for processor 19
  Max Mhz: 2200, Current Mhz: 1600, Mhz Limit: 1584
Processor Information for processor 20
  Max Mhz: 2200, Current Mhz: 1600, Mhz Limit: 1584
Processor Information for processor 21
  Max Mhz: 2200, Current Mhz: 1600, Mhz Limit: 1584
Processor Information for processor 22
  Max Mhz: 2200, Current Mhz: 1600, Mhz Limit: 1584
Processor Information for processor 23
  Max Mhz: 2200, Current Mhz: 1600, Mhz Limit: 1584
Processor Information for processor 24
  Max Mhz: 2200, Current Mhz: 1600, Mhz Limit: 1584
Processor Information for processor 25
  Max Mhz: 2200, Current Mhz: 1600, Mhz Limit: 1584
Processor Information for processor 26
  Max Mhz: 2200, Current Mhz: 1600, Mhz Limit: 1584
Processor Information for processor 27
  Max Mhz: 2200, Current Mhz: 1600, Mhz Limit: 1584
Processor Information for processor 28
  Max Mhz: 2200, Current Mhz: 1600, Mhz Limit: 1584
Processor Information for processor 29
  Max Mhz: 2200, Current Mhz: 1600, Mhz Limit: 1584
Processor Information for processor 30
  Max Mhz: 2200, Current Mhz: 1600, Mhz Limit: 1584
Processor Information for processor 31
  Max Mhz: 2200, Current Mhz: 1600, Mhz Limit: 1584

Memory: 4k page, system-wide physical 32386M (2139M free)
TotalPageFile size 74823M (AvailPageFile size 322M)
current process WorkingSet (physical memory assigned to process): 13M, peak: 13M
current process commit charge ("private bytes"): 92M, peak: 600M

vm_info: OpenJDK 64-Bit Server VM (21.0.7+9-b895.130) for windows-amd64 JRE (21.0.7+9-b895.130), built on 2025-05-13 by "builduser" with MS VC++ 16.10 / 16.11 (VS2019)

END.
