Connected to Dynamips VM "R1" (ID 1, type c7200) - Console port
Press ENTER to get the prompt.
7.221: %OSPF-5-ADJCHG: Process 1, Nbr 192.168.100.2 on FastEthernet0/0 from DOWN to DOWN, Neighbor Down: Ignore timer expired
*Feb 26 00:34:03.989: %OSPF-5-ADJCHG: Process 1, Nbr 192.168.100.2 on FastEthernet0/0 from EXSTART to DOWN, Neighbor Down: Too many retransmissions
*Feb 26 00:35:03.993: %OSPF-5-ADJCHG: Process 1, Nbr 192.168.100.2 on FastEthernet0/0 from DOWN to DOWN, Neighbor Down: Ignore timer expired
*Feb 26 00:37:08.525: %OSPF-5-ADJCHG: Process 1, Nbr 192.168.100.2 on FastEthernet0/0 from EXSTART to DOWN, Neighbor Down: Too many retransmissions
*Feb 26 00:38:08.525: %OSPF-5-ADJCHG: Process 1, Nbr 192.168.100.2 on FastEthernet0/0 from DOWN to DOWN, Neighbor Down: Ignore timer expired
*Feb 26 00:40:13.381: %OSPF-5-ADJCHG: Process 1, Nbr 192.168.100.2 on FastEthernet0/0 from EXSTART to DOWN, Neighbor Down: Too many retransmissions
*Feb 26 00:41:13.381: %OSPF-5-ADJCHG: Process 1, Nbr 192.168.100.2 on FastEthernet0/0 from DOWN to DOWN, Neighbor Down: Ignore timer expired
R1#
R1#exit





























































R1 con0 is now available





Press RETURN to get started.






R1#terminal width 511
R1#terminal length 0
R1#
R1#
R1#show version
Cisco IOS Software, 7200 Software (C7200-ADVIPSERVICESK9-M), Version 15.2(4)S5, RELEASE SOFTWARE (fc1)
Technical Support: http://www.********.com/techsupport
Copyright (c) 1986-2014 by Cisco Systems, Inc.
Compiled Thu 20-Feb-14 06:51 by prod_rel_team

ROM: ROMMON Emulation Microcode
BOOTLDR: 7200 Software (C7200-ADVIPSERVICESK9-M), Version 15.2(4)S5, RELEASE SOFTWARE (fc1)

R1 uptime is 11 hours, 23 minutes
System returned to ROM by unknown reload cause - suspect boot_data[BOOT_COUNT] 0x0, BOOT_COUNT 0, BOOTDATA 19
System image file is "tftp://255.255.255.255/unknown"
Last reload reason: unknown reload cause - suspect boot_data[BOOT_COUNT] 0x0, BOOT_COUNT 0, BOOTDATA 19



This product contains cryptographic features and is subject to United
States and local country laws governing import, export, transfer and
use. Delivery of Cisco cryptographic products does not imply
third-party authority to import, export, distribute or use encryption.
Importers, exporters, distributors and users are responsible for
compliance with U.S. and local country laws. By using this product you
agree to comply with applicable laws and regulations. If you are unable
to comply with U.S. and local laws, return this product immediately.

A summary of U.S. laws governing Cisco cryptographic products may be found at:
http://www.********.com/wwl/export/crypto/tool/stqrg.html

If you require further assistance please contact us by sending email to
export@********.com.

Cisco 7206VXR (NPE400) processor (revision A) with 491520K/32768K bytes of memory.
Processor board ID 4279256517
R7000 CPU at 150MHz, Implementation 39, Rev 2.1, 256KB L2 Cache
6 slot VXR midplane, Version 2.1

Last reset from power-on

PCI bus mb0_mb1 (Slots 0, 1, 3 and 5) has a capacity of 600 bandwidth points.
Current configuration on bus mb0_mb1 has a total of 400 bandwidth points. 
This configuration is within the PCI bus capacity and is supported. 

PCI bus mb2 (Slots 2, 4, 6) has a capacity of 600 bandwidth points.
Current configuration on bus mb2 has a total of 200 bandwidth points 
This configuration is within the PCI bus capacity and is supported. 

Please refer to the following document "Cisco 7200 Series Port Adaptor
Hardware Configuration Guidelines" on Cisco.com <http://www.********.com>
for c7200 bandwidth points oversubscription and usage guidelines.


3 FastEthernet interfaces
509K bytes of NVRAM.

8192K bytes of Flash internal SIMM (Sector size 256K).
Configuration register is 0x2102

R1#
R1#exit





























































R1 con0 is now available





Press RETURN to get started.










R1#
R1#
R1#
R1#
R1#
R1#
R1#
R1#
R1#
R1#
R1#
R1#
R1#
R1#terminal width 511
R1#terminal length 0
R1#
R1#
R1#show version
Cisco IOS Software, 7200 Software (C7200-ADVIPSERVICESK9-M), Version 15.2(4)S5, RELEASE SOFTWARE (fc1)
Technical Support: http://www.********.com/techsupport
Copyright (c) 1986-2014 by Cisco Systems, Inc.
Compiled Thu 20-Feb-14 06:51 by prod_rel_team

ROM: ROMMON Emulation Microcode
BOOTLDR: 7200 Software (C7200-ADVIPSERVICESK9-M), Version 15.2(4)S5, RELEASE SOFTWARE (fc1)

R1 uptime is 11 hours, 27 minutes
System returned to ROM by unknown reload cause - suspect boot_data[BOOT_COUNT] 0x0, BOOT_COUNT 0, BOOTDATA 19
System image file is "tftp://255.255.255.255/unknown"
Last reload reason: unknown reload cause - suspect boot_data[BOOT_COUNT] 0x0, BOOT_COUNT 0, BOOTDATA 19



This product contains cryptographic features and is subject to United
States and local country laws governing import, export, transfer and
use. Delivery of Cisco cryptographic products does not imply
third-party authority to import, export, distribute or use encryption.
Importers, exporters, distributors and users are responsible for
compliance with U.S. and local country laws. By using this product you
agree to comply with applicable laws and regulations. If you are unable
to comply with U.S. and local laws, return this product immediately.

A summary of U.S. laws governing Cisco cryptographic products may be found at:
http://www.********.com/wwl/export/crypto/tool/stqrg.html

If you require further assistance please contact us by sending email to
export@********.com.

Cisco 7206VXR (NPE400) processor (revision A) with 491520K/32768K bytes of memory.
Processor board ID 4279256517
R7000 CPU at 150MHz, Implementation 39, Rev 2.1, 256KB L2 Cache
6 slot VXR midplane, Version 2.1

Last reset from power-on

PCI bus mb0_mb1 (Slots 0, 1, 3 and 5) has a capacity of 600 bandwidth points.
Current configuration on bus mb0_mb1 has a total of 400 bandwidth points. 
This configuration is within the PCI bus capacity and is supported. 

PCI bus mb2 (Slots 2, 4, 6) has a capacity of 600 bandwidth points.
Current configuration on bus mb2 has a total of 200 bandwidth points 
This configuration is within the PCI bus capacity and is supported. 

Please refer to the following document "Cisco 7200 Series Port Adaptor
Hardware Configuration Guidelines" on Cisco.com <http://www.********.com>
for c7200 bandwidth points oversubscription and usage guidelines.


3 FastEthernet interfaces
509K bytes of NVRAM.

8192K bytes of Flash internal SIMM (Sector size 256K).
Configuration register is 0x2102

R1#

R1#exit
