2025-01-21 22:18:11,667 - INFO - User exists in the upstream API: id='user_RRzhCZYVZxWAhmq4pfkbHl' name='admin'
2025-01-21 22:18:11,683 - INFO - Default assistant already exists for user ID: user_RRzhCZYVZxWAhmq4pfkbHl
2025-01-21 22:18:11,683 - INFO - Default assistant already exists for user ID: user_RRzhCZYVZxWAhmq4pfkbHl
2025-01-21 22:18:11,683 - INFO - Default assistant already exists for user ID: user_RRzhCZYVZxWAhmq4pfkbHl
2025-01-21 22:18:11,683 - INFO - Default assistant already exists for user ID: user_RRzhCZYVZxWAhmq4pfkbHl
2025-01-21 22:18:11,683 - INFO - Default assistant already exists for user ID: user_RRzhCZYVZxWAhmq4pfkbHl
2025-01-21 22:18:11,683 - INFO - Default assistant already exists for user ID: user_RRzhCZYVZxWAhmq4pfkbHl
2025-01-21 22:18:11,683 - INFO - Default assistant already exists for user ID: user_RRzhCZYVZxWAhmq4pfkbHl
2025-01-21 22:18:11,683 - INFO - Default assistant already exists for user ID: user_RRzhCZYVZxWAhmq4pfkbHl
2025-01-21 22:18:11,683 - INFO - Default assistant already exists for user ID: user_RRzhCZYVZxWAhmq4pfkbHl
2025-01-21 22:18:16,813 - INFO - User exists in the upstream API: id='user_RRzhCZYVZxWAhmq4pfkbHl' name='admin'
2025-01-21 22:18:16,813 - INFO - User exists in the upstream API: id='user_RRzhCZYVZxWAhmq4pfkbHl' name='admin'
2025-01-21 22:18:16,813 - INFO - User exists in the upstream API: id='user_RRzhCZYVZxWAhmq4pfkbHl' name='admin'
2025-01-21 22:18:16,813 - INFO - User exists in the upstream API: id='user_RRzhCZYVZxWAhmq4pfkbHl' name='admin'
2025-01-21 22:18:16,813 - INFO - User exists in the upstream API: id='user_RRzhCZYVZxWAhmq4pfkbHl' name='admin'
2025-01-21 22:18:16,813 - INFO - User exists in the upstream API: id='user_RRzhCZYVZxWAhmq4pfkbHl' name='admin'
2025-01-21 22:18:16,813 - INFO - User exists in the upstream API: id='user_RRzhCZYVZxWAhmq4pfkbHl' name='admin'
2025-01-21 22:18:16,813 - INFO - User exists in the upstream API: id='user_RRzhCZYVZxWAhmq4pfkbHl' name='admin'
2025-01-21 22:18:16,813 - INFO - User exists in the upstream API: id='user_RRzhCZYVZxWAhmq4pfkbHl' name='admin'
2025-01-21 22:18:16,814 - INFO - Default assistant already exists for user ID: user_RRzhCZYVZxWAhmq4pfkbHl
2025-01-21 22:18:16,814 - INFO - Default assistant already exists for user ID: user_RRzhCZYVZxWAhmq4pfkbHl
2025-01-21 22:18:16,814 - INFO - Default assistant already exists for user ID: user_RRzhCZYVZxWAhmq4pfkbHl
2025-01-21 22:18:16,814 - INFO - Default assistant already exists for user ID: user_RRzhCZYVZxWAhmq4pfkbHl
2025-01-21 22:18:16,814 - INFO - Default assistant already exists for user ID: user_RRzhCZYVZxWAhmq4pfkbHl
2025-01-21 22:18:16,814 - INFO - Default assistant already exists for user ID: user_RRzhCZYVZxWAhmq4pfkbHl
2025-01-21 22:18:16,814 - INFO - Default assistant already exists for user ID: user_RRzhCZYVZxWAhmq4pfkbHl
2025-01-21 22:18:16,814 - INFO - Default assistant already exists for user ID: user_RRzhCZYVZxWAhmq4pfkbHl
2025-01-21 22:18:16,814 - INFO - Default assistant already exists for user ID: user_RRzhCZYVZxWAhmq4pfkbHl
2025-01-21 22:22:06,458 - INFO - User exists in the upstream API: id='user_RRzhCZYVZxWAhmq4pfkbHl' name='admin'
2025-01-21 22:22:06,458 - INFO - User exists in the upstream API: id='user_RRzhCZYVZxWAhmq4pfkbHl' name='admin'
2025-01-21 22:22:06,458 - INFO - User exists in the upstream API: id='user_RRzhCZYVZxWAhmq4pfkbHl' name='admin'
2025-01-21 22:22:06,458 - INFO - User exists in the upstream API: id='user_RRzhCZYVZxWAhmq4pfkbHl' name='admin'
2025-01-21 22:22:06,458 - INFO - User exists in the upstream API: id='user_RRzhCZYVZxWAhmq4pfkbHl' name='admin'
2025-01-21 22:22:06,458 - INFO - User exists in the upstream API: id='user_RRzhCZYVZxWAhmq4pfkbHl' name='admin'
2025-01-21 22:22:06,458 - INFO - User exists in the upstream API: id='user_RRzhCZYVZxWAhmq4pfkbHl' name='admin'
2025-01-21 22:22:06,458 - INFO - User exists in the upstream API: id='user_RRzhCZYVZxWAhmq4pfkbHl' name='admin'
2025-01-21 22:22:06,458 - INFO - User exists in the upstream API: id='user_RRzhCZYVZxWAhmq4pfkbHl' name='admin'
2025-01-21 22:22:06,459 - INFO - Default assistant already exists for user ID: user_RRzhCZYVZxWAhmq4pfkbHl
2025-01-21 22:22:06,459 - INFO - Default assistant already exists for user ID: user_RRzhCZYVZxWAhmq4pfkbHl
2025-01-21 22:22:06,459 - INFO - Default assistant already exists for user ID: user_RRzhCZYVZxWAhmq4pfkbHl
2025-01-21 22:22:06,459 - INFO - Default assistant already exists for user ID: user_RRzhCZYVZxWAhmq4pfkbHl
2025-01-21 22:22:06,459 - INFO - Default assistant already exists for user ID: user_RRzhCZYVZxWAhmq4pfkbHl
2025-01-21 22:22:06,459 - INFO - Default assistant already exists for user ID: user_RRzhCZYVZxWAhmq4pfkbHl
2025-01-21 22:22:06,459 - INFO - Default assistant already exists for user ID: user_RRzhCZYVZxWAhmq4pfkbHl
2025-01-21 22:22:06,459 - INFO - Default assistant already exists for user ID: user_RRzhCZYVZxWAhmq4pfkbHl
2025-01-21 22:22:06,459 - INFO - Default assistant already exists for user ID: user_RRzhCZYVZxWAhmq4pfkbHl
2025-01-21 22:22:11,616 - INFO - User exists in the upstream API: id='user_RRzhCZYVZxWAhmq4pfkbHl' name='admin'
2025-01-21 22:22:11,616 - INFO - User exists in the upstream API: id='user_RRzhCZYVZxWAhmq4pfkbHl' name='admin'
2025-01-21 22:22:11,616 - INFO - User exists in the upstream API: id='user_RRzhCZYVZxWAhmq4pfkbHl' name='admin'
2025-01-21 22:22:11,616 - INFO - User exists in the upstream API: id='user_RRzhCZYVZxWAhmq4pfkbHl' name='admin'
2025-01-21 22:22:11,616 - INFO - User exists in the upstream API: id='user_RRzhCZYVZxWAhmq4pfkbHl' name='admin'
2025-01-21 22:22:11,616 - INFO - User exists in the upstream API: id='user_RRzhCZYVZxWAhmq4pfkbHl' name='admin'
2025-01-21 22:22:11,616 - INFO - User exists in the upstream API: id='user_RRzhCZYVZxWAhmq4pfkbHl' name='admin'
2025-01-21 22:22:11,616 - INFO - User exists in the upstream API: id='user_RRzhCZYVZxWAhmq4pfkbHl' name='admin'
2025-01-21 22:22:11,616 - INFO - User exists in the upstream API: id='user_RRzhCZYVZxWAhmq4pfkbHl' name='admin'
2025-01-21 22:22:11,618 - INFO - Default assistant already exists for user ID: user_RRzhCZYVZxWAhmq4pfkbHl
2025-01-21 22:22:11,618 - INFO - Default assistant already exists for user ID: user_RRzhCZYVZxWAhmq4pfkbHl
2025-01-21 22:22:11,618 - INFO - Default assistant already exists for user ID: user_RRzhCZYVZxWAhmq4pfkbHl
2025-01-21 22:22:11,618 - INFO - Default assistant already exists for user ID: user_RRzhCZYVZxWAhmq4pfkbHl
2025-01-21 22:22:11,618 - INFO - Default assistant already exists for user ID: user_RRzhCZYVZxWAhmq4pfkbHl
2025-01-21 22:22:11,618 - INFO - Default assistant already exists for user ID: user_RRzhCZYVZxWAhmq4pfkbHl
2025-01-21 22:22:11,618 - INFO - Default assistant already exists for user ID: user_RRzhCZYVZxWAhmq4pfkbHl
2025-01-21 22:22:11,618 - INFO - Default assistant already exists for user ID: user_RRzhCZYVZxWAhmq4pfkbHl
2025-01-21 22:22:11,618 - INFO - Default assistant already exists for user ID: user_RRzhCZYVZxWAhmq4pfkbHl
2025-01-21 22:25:46,286 - INFO - Entering login
2025-01-21 22:25:46,286 - INFO - Entering login
2025-01-21 22:25:46,286 - INFO - Entering login
2025-01-21 22:25:46,286 - INFO - Entering login
2025-01-21 22:25:46,286 - INFO - Entering login
2025-01-21 22:25:46,286 - INFO - Entering login
2025-01-21 22:25:46,286 - INFO - Entering login
2025-01-21 22:25:46,286 - INFO - Entering login
2025-01-21 22:25:46,286 - INFO - Entering login
2025-01-21 22:25:46,286 - INFO - Login attempt for username: admin
2025-01-21 22:25:46,286 - INFO - Login attempt for username: admin
2025-01-21 22:25:46,286 - INFO - Login attempt for username: admin
2025-01-21 22:25:46,286 - INFO - Login attempt for username: admin
2025-01-21 22:25:46,286 - INFO - Login attempt for username: admin
2025-01-21 22:25:46,286 - INFO - Login attempt for username: admin
2025-01-21 22:25:46,286 - INFO - Login attempt for username: admin
2025-01-21 22:25:46,286 - INFO - Login attempt for username: admin
2025-01-21 22:25:46,286 - INFO - Login attempt for username: admin
2025-01-21 22:25:46,341 - INFO - Successful login for user ID: user_RRzhCZYVZxWAhmq4pfkbHl
2025-01-21 22:25:46,341 - INFO - Successful login for user ID: user_RRzhCZYVZxWAhmq4pfkbHl
2025-01-21 22:25:46,341 - INFO - Successful login for user ID: user_RRzhCZYVZxWAhmq4pfkbHl
2025-01-21 22:25:46,341 - INFO - Successful login for user ID: user_RRzhCZYVZxWAhmq4pfkbHl
2025-01-21 22:25:46,341 - INFO - Successful login for user ID: user_RRzhCZYVZxWAhmq4pfkbHl
2025-01-21 22:25:46,341 - INFO - Successful login for user ID: user_RRzhCZYVZxWAhmq4pfkbHl
2025-01-21 22:25:46,341 - INFO - Successful login for user ID: user_RRzhCZYVZxWAhmq4pfkbHl
2025-01-21 22:25:46,341 - INFO - Successful login for user ID: user_RRzhCZYVZxWAhmq4pfkbHl
2025-01-21 22:25:46,341 - INFO - Successful login for user ID: user_RRzhCZYVZxWAhmq4pfkbHl
2025-01-21 22:25:46,341 - INFO - User information for successful login: {'id': 'user_RRzhCZYVZxWAhmq4pfkbHl', 'username': 'admin', 'first_name': 'Default', 'last_name': 'Admin'}
2025-01-21 22:25:46,341 - INFO - User information for successful login: {'id': 'user_RRzhCZYVZxWAhmq4pfkbHl', 'username': 'admin', 'first_name': 'Default', 'last_name': 'Admin'}
2025-01-21 22:25:46,341 - INFO - User information for successful login: {'id': 'user_RRzhCZYVZxWAhmq4pfkbHl', 'username': 'admin', 'first_name': 'Default', 'last_name': 'Admin'}
2025-01-21 22:25:46,341 - INFO - User information for successful login: {'id': 'user_RRzhCZYVZxWAhmq4pfkbHl', 'username': 'admin', 'first_name': 'Default', 'last_name': 'Admin'}
2025-01-21 22:25:46,341 - INFO - User information for successful login: {'id': 'user_RRzhCZYVZxWAhmq4pfkbHl', 'username': 'admin', 'first_name': 'Default', 'last_name': 'Admin'}
2025-01-21 22:25:46,341 - INFO - User information for successful login: {'id': 'user_RRzhCZYVZxWAhmq4pfkbHl', 'username': 'admin', 'first_name': 'Default', 'last_name': 'Admin'}
2025-01-21 22:25:46,341 - INFO - User information for successful login: {'id': 'user_RRzhCZYVZxWAhmq4pfkbHl', 'username': 'admin', 'first_name': 'Default', 'last_name': 'Admin'}
2025-01-21 22:25:46,341 - INFO - User information for successful login: {'id': 'user_RRzhCZYVZxWAhmq4pfkbHl', 'username': 'admin', 'first_name': 'Default', 'last_name': 'Admin'}
2025-01-21 22:25:46,341 - INFO - User information for successful login: {'id': 'user_RRzhCZYVZxWAhmq4pfkbHl', 'username': 'admin', 'first_name': 'Default', 'last_name': 'Admin'}
2025-01-21 22:25:46,362 - INFO - Entering protected route
2025-01-21 22:25:46,362 - INFO - Entering protected route
2025-01-21 22:25:46,362 - INFO - Entering protected route
2025-01-21 22:25:46,362 - INFO - Entering protected route
2025-01-21 22:25:46,362 - INFO - Entering protected route
